objc[62111]: Class AXEmojiUtilities is implemented in both /Applications/Xcode.app/Contents/Developer/Platforms/iPhoneSimulator.platform/Developer/SDKs/iPhoneSimulator7.1.sdk/System/Library/PrivateFrameworks/AccessibilityUtilities.framework/AccessibilityUtilities and /Applications/Xcode.app/Contents/Developer/Platforms/iPhoneSimulator.platform/Developer/SDKs/iPhoneSimulator7.1.sdk/usr/lib/libAXSpeechManager.dylib. One of the two will be used. Which one is undefined.
2014-08-08 19:48:34.748 FarmPerfect[62111:70b] Cannot find executable for CFBundle 0xa3942a0 </Applications/Xcode.app/Contents/Developer/Platforms/iPhoneSimulator.platform/Developer/SDKs/iPhoneSimulator7.1.sdk/System/Library/AccessibilityBundles/GeoServices.axbundle> (not loaded)
2014-08-08 19:48:34.757 FarmPerfect[62111:70b] Cannot find executable for CFBundle 0xa2c1d00 </Applications/Xcode.app/Contents/Developer/Platforms/iPhoneSimulator.platform/Developer/SDKs/iPhoneSimulator7.1.sdk/System/Library/AccessibilityBundles/CertUIFramework.axbundle> (not loaded)
2014-08-08 19:48:34.813 FarmPerfect[62111:70b] Multi-tasking -> Device: YES, App: YES
2014-08-08 19:48:34.841 FarmPerfect[62111:70b] Unlimited access to network resources
2014-08-08 19:48:34.845 FarmPerfect[62111:70b] 

Started backup to iCloud! Please be careful.
Your application might rejected by Apple if you store too much data.
For more information please read "iOS Data Storage Guidelines"
You could find it at the following address https://developer.apple.com/icloud/documentation/data-storage/ .

2014-08-08 19:48:35.087 FarmPerfect[62111:70b] Resetting plugins due to page load.
2014-08-08 19:48:35.185 FarmPerfect[62111:70b] Finished load of: file:///Users/chadtimmins/Library/Application%20Support/iPhone%20Simulator/7.1/Applications/B2EF23AD-2A55-44F7-BEA5-F297E88D421A/FarmPerfect.app/www/index.html
2014-08-08 19:48:35.420 FarmPerfect[62111:70b] got to top of app
2014-08-08 19:48:35.421 FarmPerfect[62111:70b] got to main init
2014-08-08 19:48:35.421 FarmPerfect[62111:70b] got to app init
2014-08-08 19:48:35.421 FarmPerfect[62111:70b] got to bindEvents
2014-08-08 19:48:35.422 FarmPerfect[62111:70b] got to onDeviceReady
2014-08-08 19:48:35.422 FarmPerfect[62111:70b] got to View init
2014-08-08 19:48:35.423 FarmPerfect[62111:70b] got to view render
2014-08-08 19:48:35.423 FarmPerfect[62111:70b] Received Event: deviceready
objc[41281]: Class AXEmojiUtilities is implemented in both /Applications/Xcode.app/Contents/Developer/Platforms/iPhoneSimulator.platform/Developer/SDKs/iPhoneSimulator7.1.sdk/System/Library/PrivateFrameworks/AccessibilityUtilities.framework/AccessibilityUtilities and /Applications/Xcode.app/Contents/Developer/Platforms/iPhoneSimulator.platform/Developer/SDKs/iPhoneSimulator7.1.sdk/usr/lib/libAXSpeechManager.dylib. One of the two will be used. Which one is undefined.
2014-08-11 10:50:35.598 FarmPerfect[41281:70b] Cannot find executable for CFBundle 0xa581fd0 </Applications/Xcode.app/Contents/Developer/Platforms/iPhoneSimulator.platform/Developer/SDKs/iPhoneSimulator7.1.sdk/System/Library/AccessibilityBundles/GeoServices.axbundle> (not loaded)
2014-08-11 10:50:35.605 FarmPerfect[41281:70b] Cannot find executable for CFBundle 0xa387c90 </Applications/Xcode.app/Contents/Developer/Platforms/iPhoneSimulator.platform/Developer/SDKs/iPhoneSimulator7.1.sdk/System/Library/AccessibilityBundles/CertUIFramework.axbundle> (not loaded)
2014-08-11 10:50:35.641 FarmPerfect[41281:70b] Multi-tasking -> Device: YES, App: YES
2014-08-11 10:50:35.666 FarmPerfect[41281:70b] Unlimited access to network resources
2014-08-11 10:50:35.670 FarmPerfect[41281:70b] 

Started backup to iCloud! Please be careful.
Your application might rejected by Apple if you store too much data.
For more information please read "iOS Data Storage Guidelines"
You could find it at the following address https://developer.apple.com/icloud/documentation/data-storage/ .

2014-08-11 10:50:36.705 FarmPerfect[41281:70b] Resetting plugins due to page load.
2014-08-11 10:50:37.026 FarmPerfect[41281:70b] Finished load of: file:///Users/chadtimmins/Library/Application%20Support/iPhone%20Simulator/7.1/Applications/B2EF23AD-2A55-44F7-BEA5-F297E88D421A/FarmPerfect.app/www/index.html
2014-08-11 10:52:46.132 FarmPerfect[41281:4007] void SendDelegateMessage(NSInvocation *): delegate (webView:runJavaScriptConfirmPanelWithMessage:initiatedByFrame:) failed to return after waiting 10 seconds. main run loop mode: kCFRunLoopDefaultMode
2014-08-11 10:52:46.235 FarmPerfect[41281:70b] deviceready
2014-08-11 10:52:46.235 FarmPerfect[41281:70b] jqm has been loaded
2014-08-11 10:52:46.236 FarmPerfect[41281:70b] rendering home view
2014-08-11 10:52:46.236 FarmPerfect[41281:70b] current page: home
2014-08-11 10:52:46.239 FarmPerfect[41281:70b] Resetting plugins due to page load.
2014-08-11 10:52:46.324 FarmPerfect[41281:70b] Finished load of: http://10.0.0.129:8000/ios/www/index.html
2014-08-11 10:52:46.345 FarmPerfect[41281:70b] deviceready
2014-08-11 10:52:46.397 FarmPerfect[41281:70b] jqm has been loaded
2014-08-11 10:52:46.397 FarmPerfect[41281:70b] rendering home view
2014-08-11 10:52:46.397 FarmPerfect[41281:70b] current page: home
2014-08-11 10:53:33.242 FarmPerfect[41281:70b] Resetting plugins due to page load.
2014-08-11 10:53:33.347 FarmPerfect[41281:70b] Finished load of: http://10.0.0.129:8000/ios/www/index.html
2014-08-11 10:53:33.379 FarmPerfect[41281:70b] deviceready
2014-08-11 10:53:33.465 FarmPerfect[41281:70b] jqm has been loaded
2014-08-11 10:53:33.465 FarmPerfect[41281:70b] rendering home view
2014-08-11 10:53:33.466 FarmPerfect[41281:70b] current page: home
2014-08-11 10:53:53.625 FarmPerfect[41281:70b] Resetting plugins due to page load.
2014-08-11 10:53:53.742 FarmPerfect[41281:70b] Finished load of: http://10.0.0.129:8000/ios/www/index.html
2014-08-11 10:53:53.792 FarmPerfect[41281:70b] deviceready
2014-08-11 10:53:53.865 FarmPerfect[41281:70b] jqm has been loaded
2014-08-11 10:53:53.865 FarmPerfect[41281:70b] rendering home view
2014-08-11 10:53:53.865 FarmPerfect[41281:70b] current page: home
2014-08-11 10:54:39.011 FarmPerfect[41281:70b] current page: map
2014-08-11 10:54:39.012 FarmPerfect[41281:70b] rendering map view
2014-08-11 10:55:45.210 FarmPerfect[41281:70b] polling!
2014-08-11 10:55:47.370 FarmPerfect[41281:70b] current page: home
2014-08-11 10:55:56.027 FarmPerfect[41281:70b] polling!
2014-08-11 11:00:01.980 FarmPerfect[41281:70b] polling!
2014-08-11 11:01:09.661 FarmPerfect[41281:70b] onload!
2014-08-11 11:01:09.691 FarmPerfect[41281:70b] polling!
2014-08-11 11:01:35.751 FarmPerfect[41281:70b] onload!
2014-08-11 11:01:43.740 FarmPerfect[41281:70b] current page: map
2014-08-11 11:01:43.740 FarmPerfect[41281:70b] rendering map view
2014-08-11 11:01:50.782 FarmPerfect[41281:70b] onload!
2014-08-11 11:02:01.406 FarmPerfect[41281:70b] onload!
2014-08-11 11:02:13.004 FarmPerfect[41281:70b] onload!
2014-08-11 11:02:32.566 FarmPerfect[41281:70b] CDVWebViewDelegate: Navigation started when state=1
2014-08-11 11:02:32.566 FarmPerfect[41281:70b] Failed to load webpage with error: CDVWebViewDelegate: Navigation started when state=1
2014-08-11 11:02:32.569 FarmPerfect[41281:70b] Resetting plugins due to page load.
2014-08-11 11:02:32.611 FarmPerfect[41281:70b] Finished load of: http://10.0.0.129:8000/ios/www/templates/maps.html
2014-08-11 11:02:51.827 FarmPerfect[41281:70b] Resetting plugins due to page load.
2014-08-11 11:02:51.874 FarmPerfect[41281:70b] Finished load of: http://10.0.0.129:8000/ios/www/index.html
2014-08-11 11:02:51.892 FarmPerfect[41281:70b] deviceready
2014-08-11 11:02:51.940 FarmPerfect[41281:70b] jqm has been loaded
2014-08-11 11:02:51.940 FarmPerfect[41281:70b] rendering home view
2014-08-11 11:02:51.941 FarmPerfect[41281:70b] current page: home
2014-08-11 11:02:55.053 FarmPerfect[41281:70b] current page: map
2014-08-11 11:02:55.053 FarmPerfect[41281:70b] rendering map view
2014-08-11 11:03:07.725 FarmPerfect[41281:70b] Resetting plugins due to page load.
2014-08-11 11:03:07.742 FarmPerfect[41281:70b] Finished load of: http://10.0.0.129:8000/ios/www/templates/maps.html
2014-08-11 11:03:48.775 FarmPerfect[41281:70b] Resetting plugins due to page load.
2014-08-11 11:03:48.820 FarmPerfect[41281:70b] Finished load of: http://10.0.0.129:8000/ios/www/index.html
2014-08-11 11:03:48.837 FarmPerfect[41281:70b] deviceready
2014-08-11 11:03:48.885 FarmPerfect[41281:70b] jqm has been loaded
2014-08-11 11:03:48.885 FarmPerfect[41281:70b] rendering home view
2014-08-11 11:03:48.885 FarmPerfect[41281:70b] current page: home
2014-08-11 11:03:52.768 FarmPerfect[41281:70b] current page: map
2014-08-11 11:03:52.768 FarmPerfect[41281:70b] rendering map view
2014-08-11 11:03:56.868 FarmPerfect[41281:70b] current page: home
2014-08-11 11:04:05.034 FarmPerfect[41281:70b] CDVWebViewDelegate: Navigation started when state=1
2014-08-11 11:04:05.035 FarmPerfect[41281:70b] Failed to load webpage with error: CDVWebViewDelegate: Navigation started when state=1
2014-08-11 11:04:05.037 FarmPerfect[41281:70b] Resetting plugins due to page load.
2014-08-11 11:04:05.121 FarmPerfect[41281:70b] Finished load of: http://10.0.0.129:8000/ios/www/index.html
2014-08-11 11:04:05.164 FarmPerfect[41281:70b] deviceready
2014-08-11 11:04:05.237 FarmPerfect[41281:70b] jqm has been loaded
2014-08-11 11:04:05.238 FarmPerfect[41281:70b] rendering home view
2014-08-11 11:04:05.238 FarmPerfect[41281:70b] current page: home
2014-08-11 11:04:09.123 FarmPerfect[41281:70b] current page: map
2014-08-11 11:04:09.124 FarmPerfect[41281:70b] rendering map view
2014-08-11 11:04:24.187 FarmPerfect[41281:70b] Resetting plugins due to page load.
2014-08-11 11:04:24.203 FarmPerfect[41281:70b] Finished load of: http://10.0.0.129:8000/ios/www/templates/maps.html
objc[43963]: Class AXEmojiUtilities is implemented in both /Applications/Xcode.app/Contents/Developer/Platforms/iPhoneSimulator.platform/Developer/SDKs/iPhoneSimulator7.1.sdk/System/Library/PrivateFrameworks/AccessibilityUtilities.framework/AccessibilityUtilities and /Applications/Xcode.app/Contents/Developer/Platforms/iPhoneSimulator.platform/Developer/SDKs/iPhoneSimulator7.1.sdk/usr/lib/libAXSpeechManager.dylib. One of the two will be used. Which one is undefined.
2014-08-11 11:05:40.981 FarmPerfect[43963:70b] Cannot find executable for CFBundle 0xa26cda0 </Applications/Xcode.app/Contents/Developer/Platforms/iPhoneSimulator.platform/Developer/SDKs/iPhoneSimulator7.1.sdk/System/Library/AccessibilityBundles/CertUIFramework.axbundle> (not loaded)
2014-08-11 11:05:40.988 FarmPerfect[43963:70b] Cannot find executable for CFBundle 0xa584870 </Applications/Xcode.app/Contents/Developer/Platforms/iPhoneSimulator.platform/Developer/SDKs/iPhoneSimulator7.1.sdk/System/Library/AccessibilityBundles/GeoServices.axbundle> (not loaded)
2014-08-11 11:05:41.046 FarmPerfect[43963:70b] Multi-tasking -> Device: YES, App: YES
2014-08-11 11:05:41.053 FarmPerfect[43963:70b] Unlimited access to network resources
2014-08-11 11:05:41.056 FarmPerfect[43963:70b] 

Started backup to iCloud! Please be careful.
Your application might rejected by Apple if you store too much data.
For more information please read "iOS Data Storage Guidelines"
You could find it at the following address https://developer.apple.com/icloud/documentation/data-storage/ .

2014-08-11 11:05:41.211 FarmPerfect[43963:70b] Resetting plugins due to page load.
2014-08-11 11:05:41.281 FarmPerfect[43963:70b] Finished load of: file:///Users/chadtimmins/Library/Application%20Support/iPhone%20Simulator/7.1/Applications/B2EF23AD-2A55-44F7-BEA5-F297E88D421A/FarmPerfect.app/www/index.html
objc[44966]: Class AXEmojiUtilities is implemented in both /Applications/Xcode.app/Contents/Developer/Platforms/iPhoneSimulator.platform/Developer/SDKs/iPhoneSimulator7.1.sdk/System/Library/PrivateFrameworks/AccessibilityUtilities.framework/AccessibilityUtilities and /Applications/Xcode.app/Contents/Developer/Platforms/iPhoneSimulator.platform/Developer/SDKs/iPhoneSimulator7.1.sdk/usr/lib/libAXSpeechManager.dylib. One of the two will be used. Which one is undefined.
2014-08-11 11:07:59.063 FarmPerfect[44966:70b] Cannot find executable for CFBundle 0xa595350 </Applications/Xcode.app/Contents/Developer/Platforms/iPhoneSimulator.platform/Developer/SDKs/iPhoneSimulator7.1.sdk/System/Library/AccessibilityBundles/CertUIFramework.axbundle> (not loaded)
2014-08-11 11:07:59.067 FarmPerfect[44966:70b] Cannot find executable for CFBundle 0xa599c90 </Applications/Xcode.app/Contents/Developer/Platforms/iPhoneSimulator.platform/Developer/SDKs/iPhoneSimulator7.1.sdk/System/Library/AccessibilityBundles/GeoServices.axbundle> (not loaded)
2014-08-11 11:07:59.100 FarmPerfect[44966:70b] Multi-tasking -> Device: YES, App: YES
2014-08-11 11:07:59.109 FarmPerfect[44966:70b] Unlimited access to network resources
2014-08-11 11:07:59.113 FarmPerfect[44966:70b] 

Started backup to iCloud! Please be careful.
Your application might rejected by Apple if you store too much data.
For more information please read "iOS Data Storage Guidelines"
You could find it at the following address https://developer.apple.com/icloud/documentation/data-storage/ .

2014-08-11 11:07:59.196 FarmPerfect[44966:70b] Resetting plugins due to page load.
2014-08-11 11:07:59.281 FarmPerfect[44966:70b] Finished load of: file:///Users/chadtimmins/Library/Application%20Support/iPhone%20Simulator/7.1/Applications/B2EF23AD-2A55-44F7-BEA5-F297E88D421A/FarmPerfect.app/www/index.html
objc[51287]: Class AXEmojiUtilities is implemented in both /Applications/Xcode.app/Contents/Developer/Platforms/iPhoneSimulator.platform/Developer/SDKs/iPhoneSimulator7.1.sdk/System/Library/PrivateFrameworks/AccessibilityUtilities.framework/AccessibilityUtilities and /Applications/Xcode.app/Contents/Developer/Platforms/iPhoneSimulator.platform/Developer/SDKs/iPhoneSimulator7.1.sdk/usr/lib/libAXSpeechManager.dylib. One of the two will be used. Which one is undefined.
2014-08-11 13:19:08.250 FarmPerfect[51287:70b] Cannot find executable for CFBundle 0xa48b900 </Applications/Xcode.app/Contents/Developer/Platforms/iPhoneSimulator.platform/Developer/SDKs/iPhoneSimulator7.1.sdk/System/Library/AccessibilityBundles/CertUIFramework.axbundle> (not loaded)
2014-08-11 13:19:08.255 FarmPerfect[51287:70b] Cannot find executable for CFBundle 0xa3b2de0 </Applications/Xcode.app/Contents/Developer/Platforms/iPhoneSimulator.platform/Developer/SDKs/iPhoneSimulator7.1.sdk/System/Library/AccessibilityBundles/GeoServices.axbundle> (not loaded)
2014-08-11 13:19:08.310 FarmPerfect[51287:70b] Multi-tasking -> Device: YES, App: YES
2014-08-11 13:19:08.319 FarmPerfect[51287:70b] Unlimited access to network resources
2014-08-11 13:19:08.322 FarmPerfect[51287:70b] 

Started backup to iCloud! Please be careful.
Your application might rejected by Apple if you store too much data.
For more information please read "iOS Data Storage Guidelines"
You could find it at the following address https://developer.apple.com/icloud/documentation/data-storage/ .

2014-08-11 13:19:08.530 FarmPerfect[51287:70b] Resetting plugins due to page load.
2014-08-11 13:19:08.611 FarmPerfect[51287:70b] Finished load of: file:///Users/chadtimmins/Library/Application%20Support/iPhone%20Simulator/7.1/Applications/B2EF23AD-2A55-44F7-BEA5-F297E88D421A/FarmPerfect.app/www/index.html
objc[51716]: Class AXEmojiUtilities is implemented in both /Applications/Xcode.app/Contents/Developer/Platforms/iPhoneSimulator.platform/Developer/SDKs/iPhoneSimulator7.1.sdk/System/Library/PrivateFrameworks/AccessibilityUtilities.framework/AccessibilityUtilities and /Applications/Xcode.app/Contents/Developer/Platforms/iPhoneSimulator.platform/Developer/SDKs/iPhoneSimulator7.1.sdk/usr/lib/libAXSpeechManager.dylib. One of the two will be used. Which one is undefined.
2014-08-11 13:21:45.315 FarmPerfect[51716:70b] Cannot find executable for CFBundle 0xa25cc70 </Applications/Xcode.app/Contents/Developer/Platforms/iPhoneSimulator.platform/Developer/SDKs/iPhoneSimulator7.1.sdk/System/Library/AccessibilityBundles/CertUIFramework.axbundle> (not loaded)
2014-08-11 13:21:45.320 FarmPerfect[51716:70b] Cannot find executable for CFBundle 0xa457200 </Applications/Xcode.app/Contents/Developer/Platforms/iPhoneSimulator.platform/Developer/SDKs/iPhoneSimulator7.1.sdk/System/Library/AccessibilityBundles/GeoServices.axbundle> (not loaded)
2014-08-11 13:21:45.351 FarmPerfect[51716:70b] Multi-tasking -> Device: YES, App: YES
2014-08-11 13:21:45.359 FarmPerfect[51716:70b] Unlimited access to network resources
2014-08-11 13:21:45.361 FarmPerfect[51716:70b] 

Started backup to iCloud! Please be careful.
Your application might rejected by Apple if you store too much data.
For more information please read "iOS Data Storage Guidelines"
You could find it at the following address https://developer.apple.com/icloud/documentation/data-storage/ .

2014-08-11 13:21:45.429 FarmPerfect[51716:70b] Resetting plugins due to page load.
2014-08-11 13:21:45.491 FarmPerfect[51716:70b] Finished load of: file:///Users/chadtimmins/Library/Application%20Support/iPhone%20Simulator/7.1/Applications/B2EF23AD-2A55-44F7-BEA5-F297E88D421A/FarmPerfect.app/www/index.html
objc[52073]: Class AXEmojiUtilities is implemented in both /Applications/Xcode.app/Contents/Developer/Platforms/iPhoneSimulator.platform/Developer/SDKs/iPhoneSimulator7.1.sdk/System/Library/PrivateFrameworks/AccessibilityUtilities.framework/AccessibilityUtilities and /Applications/Xcode.app/Contents/Developer/Platforms/iPhoneSimulator.platform/Developer/SDKs/iPhoneSimulator7.1.sdk/usr/lib/libAXSpeechManager.dylib. One of the two will be used. Which one is undefined.
2014-08-11 13:22:09.635 FarmPerfect[52073:70b] Cannot find executable for CFBundle 0xa48ce00 </Applications/Xcode.app/Contents/Developer/Platforms/iPhoneSimulator.platform/Developer/SDKs/iPhoneSimulator7.1.sdk/System/Library/AccessibilityBundles/CertUIFramework.axbundle> (not loaded)
2014-08-11 13:22:09.689 FarmPerfect[52073:70b] Cannot find executable for CFBundle 0xa5a02c0 </Applications/Xcode.app/Contents/Developer/Platforms/iPhoneSimulator.platform/Developer/SDKs/iPhoneSimulator7.1.sdk/System/Library/AccessibilityBundles/GeoServices.axbundle> (not loaded)
2014-08-11 13:22:09.738 FarmPerfect[52073:70b] Multi-tasking -> Device: YES, App: YES
2014-08-11 13:22:09.748 FarmPerfect[52073:70b] Unlimited access to network resources
2014-08-11 13:22:09.752 FarmPerfect[52073:70b] 

Started backup to iCloud! Please be careful.
Your application might rejected by Apple if you store too much data.
For more information please read "iOS Data Storage Guidelines"
You could find it at the following address https://developer.apple.com/icloud/documentation/data-storage/ .

2014-08-11 13:22:09.937 FarmPerfect[52073:70b] Resetting plugins due to page load.
2014-08-11 13:22:10.061 FarmPerfect[52073:70b] Finished load of: file:///Users/chadtimmins/Library/Application%20Support/iPhone%20Simulator/7.1/Applications/B2EF23AD-2A55-44F7-BEA5-F297E88D421A/FarmPerfect.app/www/index.html
2014-08-11 13:22:19.542 FarmPerfect[52073:70b] deviceready
2014-08-11 13:22:19.543 FarmPerfect[52073:70b] jqm has been loaded
2014-08-11 13:22:19.543 FarmPerfect[52073:70b] rendering home view
2014-08-11 13:22:19.544 FarmPerfect[52073:70b] current page: home
2014-08-11 13:22:19.546 FarmPerfect[52073:70b] Resetting plugins due to page load.
2014-08-11 13:22:19.638 FarmPerfect[52073:70b] Finished load of: http://10.0.0.129:8000/ios/www/index.html
2014-08-11 13:22:19.644 FarmPerfect[52073:70b] deviceready
2014-08-11 13:22:19.731 FarmPerfect[52073:70b] jqm has been loaded
2014-08-11 13:22:19.731 FarmPerfect[52073:70b] rendering home view
2014-08-11 13:22:19.732 FarmPerfect[52073:70b] current page: home
2014-08-11 13:22:24.360 FarmPerfect[52073:70b] current page: zones
2014-08-11 13:23:43.239 FarmPerfect[52073:70b] Resetting plugins due to page load.
2014-08-11 13:23:43.258 FarmPerfect[52073:70b] Finished load of: http://10.0.0.129:8000/ios/www/templates/zones.html
objc[52835]: Class AXEmojiUtilities is implemented in both /Applications/Xcode.app/Contents/Developer/Platforms/iPhoneSimulator.platform/Developer/SDKs/iPhoneSimulator7.1.sdk/System/Library/PrivateFrameworks/AccessibilityUtilities.framework/AccessibilityUtilities and /Applications/Xcode.app/Contents/Developer/Platforms/iPhoneSimulator.platform/Developer/SDKs/iPhoneSimulator7.1.sdk/usr/lib/libAXSpeechManager.dylib. One of the two will be used. Which one is undefined.
2014-08-11 13:24:45.995 FarmPerfect[52835:70b] Cannot find executable for CFBundle 0xa5684f0 </Applications/Xcode.app/Contents/Developer/Platforms/iPhoneSimulator.platform/Developer/SDKs/iPhoneSimulator7.1.sdk/System/Library/AccessibilityBundles/CertUIFramework.axbundle> (not loaded)
2014-08-11 13:24:46.002 FarmPerfect[52835:70b] Cannot find executable for CFBundle 0xa4664a0 </Applications/Xcode.app/Contents/Developer/Platforms/iPhoneSimulator.platform/Developer/SDKs/iPhoneSimulator7.1.sdk/System/Library/AccessibilityBundles/GeoServices.axbundle> (not loaded)
2014-08-11 13:24:46.033 FarmPerfect[52835:70b] Multi-tasking -> Device: YES, App: YES
2014-08-11 13:24:46.041 FarmPerfect[52835:70b] Unlimited access to network resources
2014-08-11 13:24:46.045 FarmPerfect[52835:70b] 

Started backup to iCloud! Please be careful.
Your application might rejected by Apple if you store too much data.
For more information please read "iOS Data Storage Guidelines"
You could find it at the following address https://developer.apple.com/icloud/documentation/data-storage/ .

2014-08-11 13:24:46.114 FarmPerfect[52835:70b] Resetting plugins due to page load.
2014-08-11 13:24:46.184 FarmPerfect[52835:70b] Finished load of: file:///Users/chadtimmins/Library/Application%20Support/iPhone%20Simulator/7.1/Applications/B2EF23AD-2A55-44F7-BEA5-F297E88D421A/FarmPerfect.app/www/index.html
objc[53215]: Class AXEmojiUtilities is implemented in both /Applications/Xcode.app/Contents/Developer/Platforms/iPhoneSimulator.platform/Developer/SDKs/iPhoneSimulator7.1.sdk/System/Library/PrivateFrameworks/AccessibilityUtilities.framework/AccessibilityUtilities and /Applications/Xcode.app/Contents/Developer/Platforms/iPhoneSimulator.platform/Developer/SDKs/iPhoneSimulator7.1.sdk/usr/lib/libAXSpeechManager.dylib. One of the two will be used. Which one is undefined.
2014-08-11 13:25:50.302 FarmPerfect[53215:70b] Cannot find executable for CFBundle 0xa483420 </Applications/Xcode.app/Contents/Developer/Platforms/iPhoneSimulator.platform/Developer/SDKs/iPhoneSimulator7.1.sdk/System/Library/AccessibilityBundles/GeoServices.axbundle> (not loaded)
2014-08-11 13:25:50.341 FarmPerfect[53215:70b] Cannot find executable for CFBundle 0xa28e340 </Applications/Xcode.app/Contents/Developer/Platforms/iPhoneSimulator.platform/Developer/SDKs/iPhoneSimulator7.1.sdk/System/Library/AccessibilityBundles/CertUIFramework.axbundle> (not loaded)
2014-08-11 13:25:50.397 FarmPerfect[53215:70b] Multi-tasking -> Device: YES, App: YES
2014-08-11 13:25:50.405 FarmPerfect[53215:70b] Unlimited access to network resources
2014-08-11 13:25:50.409 FarmPerfect[53215:70b] 

Started backup to iCloud! Please be careful.
Your application might rejected by Apple if you store too much data.
For more information please read "iOS Data Storage Guidelines"
You could find it at the following address https://developer.apple.com/icloud/documentation/data-storage/ .

2014-08-11 13:25:50.567 FarmPerfect[53215:70b] Resetting plugins due to page load.
2014-08-11 13:25:50.674 FarmPerfect[53215:70b] Finished load of: file:///Users/chadtimmins/Library/Application%20Support/iPhone%20Simulator/7.1/Applications/B2EF23AD-2A55-44F7-BEA5-F297E88D421A/FarmPerfect.app/www/index.html
2014-08-11 13:25:56.639 FarmPerfect[53215:70b] deviceready
2014-08-11 13:25:56.640 FarmPerfect[53215:70b] jqm has been loaded
2014-08-11 13:25:56.640 FarmPerfect[53215:70b] rendering home view
2014-08-11 13:25:56.641 FarmPerfect[53215:70b] current page: home
2014-08-11 13:25:56.643 FarmPerfect[53215:70b] Resetting plugins due to page load.
2014-08-11 13:25:56.738 FarmPerfect[53215:70b] deviceready
2014-08-11 13:25:56.743 FarmPerfect[53215:70b] Finished load of: http://10.0.0.129:8000/ios/www/index.html
2014-08-11 13:25:56.847 FarmPerfect[53215:70b] jqm has been loaded
2014-08-11 13:25:56.847 FarmPerfect[53215:70b] rendering home view
2014-08-11 13:25:56.847 FarmPerfect[53215:70b] current page: home
2014-08-11 13:26:00.037 FarmPerfect[53215:70b] current page: zones
2014-08-11 13:27:03.022 FarmPerfect[53215:70b] Resetting plugins due to page load.
2014-08-11 13:27:03.061 FarmPerfect[53215:70b] Finished load of: http://10.0.0.129:8000/ios/www/templates/zones.html
objc[53616]: Class AXEmojiUtilities is implemented in both /Applications/Xcode.app/Contents/Developer/Platforms/iPhoneSimulator.platform/Developer/SDKs/iPhoneSimulator7.1.sdk/System/Library/PrivateFrameworks/AccessibilityUtilities.framework/AccessibilityUtilities and /Applications/Xcode.app/Contents/Developer/Platforms/iPhoneSimulator.platform/Developer/SDKs/iPhoneSimulator7.1.sdk/usr/lib/libAXSpeechManager.dylib. One of the two will be used. Which one is undefined.
2014-08-11 13:27:28.953 FarmPerfect[53616:70b] Cannot find executable for CFBundle 0xa2c6c40 </Applications/Xcode.app/Contents/Developer/Platforms/iPhoneSimulator.platform/Developer/SDKs/iPhoneSimulator7.1.sdk/System/Library/AccessibilityBundles/CertUIFramework.axbundle> (not loaded)
2014-08-11 13:27:28.958 FarmPerfect[53616:70b] Cannot find executable for CFBundle 0xa6987f0 </Applications/Xcode.app/Contents/Developer/Platforms/iPhoneSimulator.platform/Developer/SDKs/iPhoneSimulator7.1.sdk/System/Library/AccessibilityBundles/GeoServices.axbundle> (not loaded)
2014-08-11 13:27:28.987 FarmPerfect[53616:70b] Multi-tasking -> Device: YES, App: YES
2014-08-11 13:27:28.993 FarmPerfect[53616:70b] Unlimited access to network resources
2014-08-11 13:27:28.996 FarmPerfect[53616:70b] 

Started backup to iCloud! Please be careful.
Your application might rejected by Apple if you store too much data.
For more information please read "iOS Data Storage Guidelines"
You could find it at the following address https://developer.apple.com/icloud/documentation/data-storage/ .

2014-08-11 13:27:29.062 FarmPerfect[53616:70b] Resetting plugins due to page load.
2014-08-11 13:27:29.121 FarmPerfect[53616:70b] Finished load of: file:///Users/chadtimmins/Library/Application%20Support/iPhone%20Simulator/7.1/Applications/B2EF23AD-2A55-44F7-BEA5-F297E88D421A/FarmPerfect.app/www/index.html
objc[53947]: Class AXEmojiUtilities is implemented in both /Applications/Xcode.app/Contents/Developer/Platforms/iPhoneSimulator.platform/Developer/SDKs/iPhoneSimulator7.1.sdk/System/Library/PrivateFrameworks/AccessibilityUtilities.framework/AccessibilityUtilities and /Applications/Xcode.app/Contents/Developer/Platforms/iPhoneSimulator.platform/Developer/SDKs/iPhoneSimulator7.1.sdk/usr/lib/libAXSpeechManager.dylib. One of the two will be used. Which one is undefined.
2014-08-11 13:27:51.751 FarmPerfect[53947:70b] Cannot find executable for CFBundle 0xa48ed60 </Applications/Xcode.app/Contents/Developer/Platforms/iPhoneSimulator.platform/Developer/SDKs/iPhoneSimulator7.1.sdk/System/Library/AccessibilityBundles/GeoServices.axbundle> (not loaded)
2014-08-11 13:27:51.758 FarmPerfect[53947:70b] Cannot find executable for CFBundle 0xa58e4b0 </Applications/Xcode.app/Contents/Developer/Platforms/iPhoneSimulator.platform/Developer/SDKs/iPhoneSimulator7.1.sdk/System/Library/AccessibilityBundles/CertUIFramework.axbundle> (not loaded)
2014-08-11 13:27:51.787 FarmPerfect[53947:70b] Multi-tasking -> Device: YES, App: YES
2014-08-11 13:27:51.795 FarmPerfect[53947:70b] Unlimited access to network resources
2014-08-11 13:27:51.798 FarmPerfect[53947:70b] 

Started backup to iCloud! Please be careful.
Your application might rejected by Apple if you store too much data.
For more information please read "iOS Data Storage Guidelines"
You could find it at the following address https://developer.apple.com/icloud/documentation/data-storage/ .

2014-08-11 13:27:51.865 FarmPerfect[53947:70b] Resetting plugins due to page load.
2014-08-11 13:27:51.923 FarmPerfect[53947:70b] Finished load of: file:///Users/chadtimmins/Library/Application%20Support/iPhone%20Simulator/7.1/Applications/B2EF23AD-2A55-44F7-BEA5-F297E88D421A/FarmPerfect.app/www/index.html
objc[54323]: Class AXEmojiUtilities is implemented in both /Applications/Xcode.app/Contents/Developer/Platforms/iPhoneSimulator.platform/Developer/SDKs/iPhoneSimulator7.1.sdk/System/Library/PrivateFrameworks/AccessibilityUtilities.framework/AccessibilityUtilities and /Applications/Xcode.app/Contents/Developer/Platforms/iPhoneSimulator.platform/Developer/SDKs/iPhoneSimulator7.1.sdk/usr/lib/libAXSpeechManager.dylib. One of the two will be used. Which one is undefined.
2014-08-11 13:28:50.174 FarmPerfect[54323:70b] Cannot find executable for CFBundle 0xa48d530 </Applications/Xcode.app/Contents/Developer/Platforms/iPhoneSimulator.platform/Developer/SDKs/iPhoneSimulator7.1.sdk/System/Library/AccessibilityBundles/GeoServices.axbundle> (not loaded)
2014-08-11 13:28:50.188 FarmPerfect[54323:70b] Cannot find executable for CFBundle 0xa493fc0 </Applications/Xcode.app/Contents/Developer/Platforms/iPhoneSimulator.platform/Developer/SDKs/iPhoneSimulator7.1.sdk/System/Library/AccessibilityBundles/CertUIFramework.axbundle> (not loaded)
2014-08-11 13:28:50.225 FarmPerfect[54323:70b] Multi-tasking -> Device: YES, App: YES
2014-08-11 13:28:50.233 FarmPerfect[54323:70b] Unlimited access to network resources
2014-08-11 13:28:50.237 FarmPerfect[54323:70b] 

Started backup to iCloud! Please be careful.
Your application might rejected by Apple if you store too much data.
For more information please read "iOS Data Storage Guidelines"
You could find it at the following address https://developer.apple.com/icloud/documentation/data-storage/ .

2014-08-11 13:28:50.469 FarmPerfect[54323:70b] Resetting plugins due to page load.
2014-08-11 13:28:50.576 FarmPerfect[54323:70b] Finished load of: file:///Users/chadtimmins/Library/Application%20Support/iPhone%20Simulator/7.1/Applications/B2EF23AD-2A55-44F7-BEA5-F297E88D421A/FarmPerfect.app/www/index.html
2014-08-11 13:28:53.908 FarmPerfect[54323:70b] deviceready
2014-08-11 13:28:53.908 FarmPerfect[54323:70b] jqm has been loaded
2014-08-11 13:28:53.909 FarmPerfect[54323:70b] rendering home view
2014-08-11 13:28:53.909 FarmPerfect[54323:70b] current page: home
2014-08-11 13:28:53.912 FarmPerfect[54323:70b] Resetting plugins due to page load.
2014-08-11 13:28:54.009 FarmPerfect[54323:70b] Finished load of: http://10.0.0.129:8000/ios/www/index.html
2014-08-11 13:28:54.016 FarmPerfect[54323:70b] deviceready
2014-08-11 13:28:54.131 FarmPerfect[54323:70b] jqm has been loaded
2014-08-11 13:28:54.131 FarmPerfect[54323:70b] rendering home view
2014-08-11 13:28:54.132 FarmPerfect[54323:70b] current page: home
2014-08-11 13:29:05.217 FarmPerfect[54323:70b] current page: zones
2014-08-11 13:30:00.655 FarmPerfect[54323:70b] Resetting plugins due to page load.
2014-08-11 13:30:00.669 FarmPerfect[54323:70b] Finished load of: http://10.0.0.129:8000/ios/www/templates/newzone.html
objc[55105]: Class AXEmojiUtilities is implemented in both /Applications/Xcode.app/Contents/Developer/Platforms/iPhoneSimulator.platform/Developer/SDKs/iPhoneSimulator7.1.sdk/System/Library/PrivateFrameworks/AccessibilityUtilities.framework/AccessibilityUtilities and /Applications/Xcode.app/Contents/Developer/Platforms/iPhoneSimulator.platform/Developer/SDKs/iPhoneSimulator7.1.sdk/usr/lib/libAXSpeechManager.dylib. One of the two will be used. Which one is undefined.
2014-08-11 13:32:29.860 FarmPerfect[55105:70b] Cannot find executable for CFBundle 0xa236f90 </Applications/Xcode.app/Contents/Developer/Platforms/iPhoneSimulator.platform/Developer/SDKs/iPhoneSimulator7.1.sdk/System/Library/AccessibilityBundles/CertUIFramework.axbundle> (not loaded)
2014-08-11 13:32:29.866 FarmPerfect[55105:70b] Cannot find executable for CFBundle 0xa448010 </Applications/Xcode.app/Contents/Developer/Platforms/iPhoneSimulator.platform/Developer/SDKs/iPhoneSimulator7.1.sdk/System/Library/AccessibilityBundles/GeoServices.axbundle> (not loaded)
2014-08-11 13:32:29.895 FarmPerfect[55105:70b] Multi-tasking -> Device: YES, App: YES
2014-08-11 13:32:29.903 FarmPerfect[55105:70b] Unlimited access to network resources
2014-08-11 13:32:29.906 FarmPerfect[55105:70b] 

Started backup to iCloud! Please be careful.
Your application might rejected by Apple if you store too much data.
For more information please read "iOS Data Storage Guidelines"
You could find it at the following address https://developer.apple.com/icloud/documentation/data-storage/ .

2014-08-11 13:32:29.978 FarmPerfect[55105:70b] Resetting plugins due to page load.
2014-08-11 13:32:30.051 FarmPerfect[55105:70b] Finished load of: file:///Users/chadtimmins/Library/Application%20Support/iPhone%20Simulator/7.1/Applications/B2EF23AD-2A55-44F7-BEA5-F297E88D421A/FarmPerfect.app/www/index.html
objc[55464]: Class AXEmojiUtilities is implemented in both /Applications/Xcode.app/Contents/Developer/Platforms/iPhoneSimulator.platform/Developer/SDKs/iPhoneSimulator7.1.sdk/System/Library/PrivateFrameworks/AccessibilityUtilities.framework/AccessibilityUtilities and /Applications/Xcode.app/Contents/Developer/Platforms/iPhoneSimulator.platform/Developer/SDKs/iPhoneSimulator7.1.sdk/usr/lib/libAXSpeechManager.dylib. One of the two will be used. Which one is undefined.
2014-08-11 13:32:51.936 FarmPerfect[55464:70b] Cannot find executable for CFBundle 0xa56bc80 </Applications/Xcode.app/Contents/Developer/Platforms/iPhoneSimulator.platform/Developer/SDKs/iPhoneSimulator7.1.sdk/System/Library/AccessibilityBundles/GeoServices.axbundle> (not loaded)
2014-08-11 13:32:51.984 FarmPerfect[55464:70b] Cannot find executable for CFBundle 0xa44dea0 </Applications/Xcode.app/Contents/Developer/Platforms/iPhoneSimulator.platform/Developer/SDKs/iPhoneSimulator7.1.sdk/System/Library/AccessibilityBundles/CertUIFramework.axbundle> (not loaded)
2014-08-11 13:32:52.110 FarmPerfect[55464:70b] Multi-tasking -> Device: YES, App: YES
2014-08-11 13:32:52.119 FarmPerfect[55464:70b] Unlimited access to network resources
2014-08-11 13:32:52.123 FarmPerfect[55464:70b] 

Started backup to iCloud! Please be careful.
Your application might rejected by Apple if you store too much data.
For more information please read "iOS Data Storage Guidelines"
You could find it at the following address https://developer.apple.com/icloud/documentation/data-storage/ .

2014-08-11 13:32:52.280 FarmPerfect[55464:70b] Resetting plugins due to page load.
2014-08-11 13:32:52.378 FarmPerfect[55464:70b] Finished load of: file:///Users/chadtimmins/Library/Application%20Support/iPhone%20Simulator/7.1/Applications/B2EF23AD-2A55-44F7-BEA5-F297E88D421A/FarmPerfect.app/www/index.html
2014-08-11 13:32:55.574 FarmPerfect[55464:70b] deviceready
2014-08-11 13:32:55.575 FarmPerfect[55464:70b] jqm has been loaded
2014-08-11 13:32:55.575 FarmPerfect[55464:70b] rendering home view
2014-08-11 13:32:55.575 FarmPerfect[55464:70b] current page: home
2014-08-11 13:32:55.579 FarmPerfect[55464:70b] Resetting plugins due to page load.
2014-08-11 13:32:55.679 FarmPerfect[55464:70b] Finished load of: http://10.0.0.129:8000/ios/www/index.html
2014-08-11 13:32:55.689 FarmPerfect[55464:70b] deviceready
2014-08-11 13:32:55.814 FarmPerfect[55464:70b] jqm has been loaded
2014-08-11 13:32:55.814 FarmPerfect[55464:70b] rendering home view
2014-08-11 13:32:55.814 FarmPerfect[55464:70b] current page: home
2014-08-11 13:33:30.548 FarmPerfect[55464:70b] current page: zones
2014-08-11 13:35:14.310 FarmPerfect[55464:70b] onload!
2014-08-11 13:35:14.351 FarmPerfect[55464:70b] polling!
2014-08-11 13:35:47.543 FarmPerfect[55464:70b] current page: map
2014-08-11 13:35:47.543 FarmPerfect[55464:70b] rendering map view
2014-08-11 13:35:51.621 FarmPerfect[55464:70b] CDVWebViewDelegate: Navigation started when state=1
2014-08-11 13:35:51.621 FarmPerfect[55464:70b] Failed to load webpage with error: CDVWebViewDelegate: Navigation started when state=1
2014-08-11 13:35:51.626 FarmPerfect[55464:70b] current page: home
2014-08-11 13:36:34.506 FarmPerfect[55464:70b] current page: map
2014-08-11 13:36:34.507 FarmPerfect[55464:70b] rendering map view
2014-08-11 13:36:37.125 FarmPerfect[55464:70b] CDVWebViewDelegate: Navigation started when state=1
2014-08-11 13:36:37.125 FarmPerfect[55464:70b] Failed to load webpage with error: CDVWebViewDelegate: Navigation started when state=1
2014-08-11 13:36:37.135 FarmPerfect[55464:70b] current page: zones
2014-08-11 13:37:26.451 FarmPerfect[55464:70b] CDVWebViewDelegate: Navigation started when state=1
2014-08-11 13:37:26.451 FarmPerfect[55464:70b] Failed to load webpage with error: CDVWebViewDelegate: Navigation started when state=1
2014-08-11 13:37:26.452 FarmPerfect[55464:70b] Resetting plugins due to page load.
2014-08-11 13:37:26.463 FarmPerfect[55464:70b] Finished load of: http://10.0.0.129:8000/ios/www/templates/newzone.html
objc[56626]: Class AXEmojiUtilities is implemented in both /Applications/Xcode.app/Contents/Developer/Platforms/iPhoneSimulator.platform/Developer/SDKs/iPhoneSimulator7.1.sdk/System/Library/PrivateFrameworks/AccessibilityUtilities.framework/AccessibilityUtilities and /Applications/Xcode.app/Contents/Developer/Platforms/iPhoneSimulator.platform/Developer/SDKs/iPhoneSimulator7.1.sdk/usr/lib/libAXSpeechManager.dylib. One of the two will be used. Which one is undefined.
2014-08-11 13:37:56.715 FarmPerfect[56626:70b] Cannot find executable for CFBundle 0xa54eee0 </Applications/Xcode.app/Contents/Developer/Platforms/iPhoneSimulator.platform/Developer/SDKs/iPhoneSimulator7.1.sdk/System/Library/AccessibilityBundles/GeoServices.axbundle> (not loaded)
2014-08-11 13:37:56.756 FarmPerfect[56626:70b] Cannot find executable for CFBundle 0xa44ea30 </Applications/Xcode.app/Contents/Developer/Platforms/iPhoneSimulator.platform/Developer/SDKs/iPhoneSimulator7.1.sdk/System/Library/AccessibilityBundles/CertUIFramework.axbundle> (not loaded)
2014-08-11 13:37:56.788 FarmPerfect[56626:70b] Multi-tasking -> Device: YES, App: YES
2014-08-11 13:37:56.797 FarmPerfect[56626:70b] Unlimited access to network resources
2014-08-11 13:37:56.800 FarmPerfect[56626:70b] 

Started backup to iCloud! Please be careful.
Your application might rejected by Apple if you store too much data.
For more information please read "iOS Data Storage Guidelines"
You could find it at the following address https://developer.apple.com/icloud/documentation/data-storage/ .

2014-08-11 13:37:56.943 FarmPerfect[56626:70b] Resetting plugins due to page load.
2014-08-11 13:37:57.052 FarmPerfect[56626:70b] Finished load of: file:///Users/chadtimmins/Library/Application%20Support/iPhone%20Simulator/7.1/Applications/B2EF23AD-2A55-44F7-BEA5-F297E88D421A/FarmPerfect.app/www/index.html
2014-08-11 13:38:00.878 FarmPerfect[56626:70b] deviceready
2014-08-11 13:38:00.878 FarmPerfect[56626:70b] jqm has been loaded
2014-08-11 13:38:00.879 FarmPerfect[56626:70b] rendering home view
2014-08-11 13:38:00.879 FarmPerfect[56626:70b] current page: home
2014-08-11 13:38:00.882 FarmPerfect[56626:70b] Resetting plugins due to page load.
2014-08-11 13:38:00.988 FarmPerfect[56626:70b] Finished load of: http://10.0.0.129:8000/ios/www/index.html
2014-08-11 13:38:00.998 FarmPerfect[56626:70b] deviceready
2014-08-11 13:38:01.118 FarmPerfect[56626:70b] jqm has been loaded
2014-08-11 13:38:01.118 FarmPerfect[56626:70b] rendering home view
2014-08-11 13:38:01.118 FarmPerfect[56626:70b] current page: home
2014-08-11 13:38:10.899 FarmPerfect[56626:70b] current page: newzone
2014-08-11 13:38:24.346 FarmPerfect[56626:70b] onload!
2014-08-11 13:38:24.388 FarmPerfect[56626:70b] polling!
2014-08-11 13:38:51.143 FarmPerfect[56626:70b] current page: map
2014-08-11 13:38:51.143 FarmPerfect[56626:70b] rendering map view
2014-08-11 13:38:52.715 FarmPerfect[56626:70b] CDVWebViewDelegate: Navigation started when state=1
2014-08-11 13:38:52.715 FarmPerfect[56626:70b] Failed to load webpage with error: CDVWebViewDelegate: Navigation started when state=1
2014-08-11 13:38:52.722 FarmPerfect[56626:70b] current page: home
2014-08-11 13:39:13.685 FarmPerfect[56626:70b] onload!
2014-08-11 13:39:28.356 FarmPerfect[56626:70b] current page: newzone
2014-08-11 13:43:26.759 FarmPerfect[56626:70b] CDVWebViewDelegate: Navigation started when state=1
2014-08-11 13:43:26.759 FarmPerfect[56626:70b] Failed to load webpage with error: CDVWebViewDelegate: Navigation started when state=1
2014-08-11 13:43:26.769 FarmPerfect[56626:70b] current page: map
2014-08-11 13:43:26.770 FarmPerfect[56626:70b] rendering map view
2014-08-11 13:43:28.859 FarmPerfect[56626:70b] CDVWebViewDelegate: Navigation started when state=1
2014-08-11 13:43:28.859 FarmPerfect[56626:70b] Failed to load webpage with error: CDVWebViewDelegate: Navigation started when state=1
2014-08-11 13:43:28.865 FarmPerfect[56626:70b] current page: home
2014-08-11 13:43:32.530 FarmPerfect[56626:70b] current page: newzone
2014-08-11 13:43:56.370 FarmPerfect[56626:70b] CDVWebViewDelegate: Navigation started when state=1
2014-08-11 13:43:56.370 FarmPerfect[56626:70b] Failed to load webpage with error: CDVWebViewDelegate: Navigation started when state=1
2014-08-11 13:43:56.380 FarmPerfect[56626:70b] current page: map
2014-08-11 13:43:56.380 FarmPerfect[56626:70b] rendering map view
2014-08-11 13:43:56.676 FarmPerfect[56626:70b] CDVWebViewDelegate: Navigation started when state=1
2014-08-11 13:43:56.676 FarmPerfect[56626:70b] Failed to load webpage with error: CDVWebViewDelegate: Navigation started when state=1
2014-08-11 13:43:56.679 FarmPerfect[56626:70b] Resetting plugins due to page load.
2014-08-11 13:43:56.698 FarmPerfect[56626:70b] Finished load of: http://10.0.0.129:8000/ios/www/templates/maps.html
2014-08-11 13:43:59.381 FarmPerfect[56626:70b] Resetting plugins due to page load.
2014-08-11 13:43:59.443 FarmPerfect[56626:70b] Finished load of: http://10.0.0.129:8000/ios/www/index.html
2014-08-11 13:43:59.445 FarmPerfect[56626:70b] deviceready
2014-08-11 13:43:59.525 FarmPerfect[56626:70b] jqm has been loaded
2014-08-11 13:43:59.525 FarmPerfect[56626:70b] rendering home view
2014-08-11 13:43:59.525 FarmPerfect[56626:70b] current page: home
2014-08-11 13:44:02.418 FarmPerfect[56626:70b] current page: map
2014-08-11 13:44:02.419 FarmPerfect[56626:70b] rendering map view
2014-08-11 13:44:11.907 FarmPerfect[56626:70b] current page: newzone
2014-08-11 14:05:15.766 FarmPerfect[56626:70b] CDVWebViewDelegate: Navigation started when state=1
2014-08-11 14:05:15.772 FarmPerfect[56626:70b] Failed to load webpage with error: CDVWebViewDelegate: Navigation started when state=1
2014-08-11 14:05:15.773 FarmPerfect[56626:70b] Resetting plugins due to page load.
2014-08-11 14:05:15.796 FarmPerfect[56626:70b] Finished load of: http://10.0.0.129:8000/ios/www/templates/newzone.html
objc[59023]: Class AXEmojiUtilities is implemented in both /Applications/Xcode.app/Contents/Developer/Platforms/iPhoneSimulator.platform/Developer/SDKs/iPhoneSimulator7.1.sdk/System/Library/PrivateFrameworks/AccessibilityUtilities.framework/AccessibilityUtilities and /Applications/Xcode.app/Contents/Developer/Platforms/iPhoneSimulator.platform/Developer/SDKs/iPhoneSimulator7.1.sdk/usr/lib/libAXSpeechManager.dylib. One of the two will be used. Which one is undefined.
2014-08-11 14:06:12.216 FarmPerfect[59023:70b] Cannot find executable for CFBundle 0xa4a50d0 </Applications/Xcode.app/Contents/Developer/Platforms/iPhoneSimulator.platform/Developer/SDKs/iPhoneSimulator7.1.sdk/System/Library/AccessibilityBundles/CertUIFramework.axbundle> (not loaded)
2014-08-11 14:06:12.226 FarmPerfect[59023:70b] Cannot find executable for CFBundle 0xa2a7220 </Applications/Xcode.app/Contents/Developer/Platforms/iPhoneSimulator.platform/Developer/SDKs/iPhoneSimulator7.1.sdk/System/Library/AccessibilityBundles/GeoServices.axbundle> (not loaded)
2014-08-11 14:06:12.320 FarmPerfect[59023:70b] Multi-tasking -> Device: YES, App: YES
2014-08-11 14:06:12.329 FarmPerfect[59023:70b] Unlimited access to network resources
2014-08-11 14:06:12.332 FarmPerfect[59023:70b] 

Started backup to iCloud! Please be careful.
Your application might rejected by Apple if you store too much data.
For more information please read "iOS Data Storage Guidelines"
You could find it at the following address https://developer.apple.com/icloud/documentation/data-storage/ .

2014-08-11 14:06:12.690 FarmPerfect[59023:70b] Resetting plugins due to page load.
2014-08-11 14:06:12.844 FarmPerfect[59023:70b] Finished load of: file:///Users/chadtimmins/Library/Application%20Support/iPhone%20Simulator/7.1/Applications/B2EF23AD-2A55-44F7-BEA5-F297E88D421A/FarmPerfect.app/www/index.html
objc[59381]: Class AXEmojiUtilities is implemented in both /Applications/Xcode.app/Contents/Developer/Platforms/iPhoneSimulator.platform/Developer/SDKs/iPhoneSimulator7.1.sdk/System/Library/PrivateFrameworks/AccessibilityUtilities.framework/AccessibilityUtilities and /Applications/Xcode.app/Contents/Developer/Platforms/iPhoneSimulator.platform/Developer/SDKs/iPhoneSimulator7.1.sdk/usr/lib/libAXSpeechManager.dylib. One of the two will be used. Which one is undefined.
2014-08-11 14:06:39.534 FarmPerfect[59381:70b] Cannot find executable for CFBundle 0xa2674b0 </Applications/Xcode.app/Contents/Developer/Platforms/iPhoneSimulator.platform/Developer/SDKs/iPhoneSimulator7.1.sdk/System/Library/AccessibilityBundles/GeoServices.axbundle> (not loaded)
2014-08-11 14:06:39.571 FarmPerfect[59381:70b] Cannot find executable for CFBundle 0xa360130 </Applications/Xcode.app/Contents/Developer/Platforms/iPhoneSimulator.platform/Developer/SDKs/iPhoneSimulator7.1.sdk/System/Library/AccessibilityBundles/CertUIFramework.axbundle> (not loaded)
2014-08-11 14:06:39.621 FarmPerfect[59381:70b] Multi-tasking -> Device: YES, App: YES
2014-08-11 14:06:39.635 FarmPerfect[59381:70b] Unlimited access to network resources
2014-08-11 14:06:39.640 FarmPerfect[59381:70b] 

Started backup to iCloud! Please be careful.
Your application might rejected by Apple if you store too much data.
For more information please read "iOS Data Storage Guidelines"
You could find it at the following address https://developer.apple.com/icloud/documentation/data-storage/ .

objc[60784]: Class AXEmojiUtilities is implemented in both /Applications/Xcode.app/Contents/Developer/Platforms/iPhoneSimulator.platform/Developer/SDKs/iPhoneSimulator7.1.sdk/System/Library/PrivateFrameworks/AccessibilityUtilities.framework/AccessibilityUtilities and /Applications/Xcode.app/Contents/Developer/Platforms/iPhoneSimulator.platform/Developer/SDKs/iPhoneSimulator7.1.sdk/usr/lib/libAXSpeechManager.dylib. One of the two will be used. Which one is undefined.
2014-08-11 14:09:23.041 FarmPerfect[60784:70b] Cannot find executable for CFBundle 0xa25b710 </Applications/Xcode.app/Contents/Developer/Platforms/iPhoneSimulator.platform/Developer/SDKs/iPhoneSimulator7.1.sdk/System/Library/AccessibilityBundles/GeoServices.axbundle> (not loaded)
2014-08-11 14:09:23.058 FarmPerfect[60784:70b] Cannot find executable for CFBundle 0xa4428f0 </Applications/Xcode.app/Contents/Developer/Platforms/iPhoneSimulator.platform/Developer/SDKs/iPhoneSimulator7.1.sdk/System/Library/AccessibilityBundles/CertUIFramework.axbundle> (not loaded)
2014-08-11 14:09:23.119 FarmPerfect[60784:70b] Multi-tasking -> Device: YES, App: YES
2014-08-11 14:09:23.157 FarmPerfect[60784:70b] Unlimited access to network resources
2014-08-11 14:09:23.164 FarmPerfect[60784:70b] 

Started backup to iCloud! Please be careful.
Your application might rejected by Apple if you store too much data.
For more information please read "iOS Data Storage Guidelines"
You could find it at the following address https://developer.apple.com/icloud/documentation/data-storage/ .

2014-08-11 14:09:23.642 FarmPerfect[60784:70b] Resetting plugins due to page load.
2014-08-11 14:09:24.083 FarmPerfect[60784:70b] Finished load of: file:///Users/chadtimmins/Library/Application%20Support/iPhone%20Simulator/7.1/Applications/B2EF23AD-2A55-44F7-BEA5-F297E88D421A/FarmPerfect.app/www/index.html
2014-08-11 14:09:27.220 FarmPerfect[60784:70b] deviceready
2014-08-11 14:09:27.221 FarmPerfect[60784:70b] jqm has been loaded
2014-08-11 14:09:27.222 FarmPerfect[60784:70b] rendering home view
2014-08-11 14:09:27.224 FarmPerfect[60784:70b] current page: home
2014-08-11 14:09:27.231 FarmPerfect[60784:70b] Resetting plugins due to page load.
2014-08-11 14:09:27.318 FarmPerfect[60784:70b] Failed to load webpage with error: Could not connect to the server.
objc[61335]: Class AXEmojiUtilities is implemented in both /Applications/Xcode.app/Contents/Developer/Platforms/iPhoneSimulator.platform/Developer/SDKs/iPhoneSimulator7.1.sdk/System/Library/PrivateFrameworks/AccessibilityUtilities.framework/AccessibilityUtilities and /Applications/Xcode.app/Contents/Developer/Platforms/iPhoneSimulator.platform/Developer/SDKs/iPhoneSimulator7.1.sdk/usr/lib/libAXSpeechManager.dylib. One of the two will be used. Which one is undefined.
2014-08-11 14:13:01.570 FarmPerfect[61335:70b] Cannot find executable for CFBundle 0xa565490 </Applications/Xcode.app/Contents/Developer/Platforms/iPhoneSimulator.platform/Developer/SDKs/iPhoneSimulator7.1.sdk/System/Library/AccessibilityBundles/GeoServices.axbundle> (not loaded)
2014-08-11 14:13:01.604 FarmPerfect[61335:70b] Cannot find executable for CFBundle 0xa26aac0 </Applications/Xcode.app/Contents/Developer/Platforms/iPhoneSimulator.platform/Developer/SDKs/iPhoneSimulator7.1.sdk/System/Library/AccessibilityBundles/CertUIFramework.axbundle> (not loaded)
2014-08-11 14:13:01.754 FarmPerfect[61335:70b] Multi-tasking -> Device: YES, App: YES
2014-08-11 14:13:01.768 FarmPerfect[61335:70b] Unlimited access to network resources
2014-08-11 14:13:01.780 FarmPerfect[61335:70b] 

Started backup to iCloud! Please be careful.
Your application might rejected by Apple if you store too much data.
For more information please read "iOS Data Storage Guidelines"
You could find it at the following address https://developer.apple.com/icloud/documentation/data-storage/ .

2014-08-11 14:13:02.123 FarmPerfect[61335:70b] Resetting plugins due to page load.
2014-08-11 14:13:02.432 FarmPerfect[61335:70b] Finished load of: file:///Users/chadtimmins/Library/Application%20Support/iPhone%20Simulator/7.1/Applications/B2EF23AD-2A55-44F7-BEA5-F297E88D421A/FarmPerfect.app/www/index.html
2014-08-11 14:13:05.022 FarmPerfect[61335:70b] deviceready
2014-08-11 14:13:05.023 FarmPerfect[61335:70b] jqm has been loaded
2014-08-11 14:13:05.023 FarmPerfect[61335:70b] rendering home view
2014-08-11 14:13:05.024 FarmPerfect[61335:70b] current page: home
2014-08-11 14:13:05.034 FarmPerfect[61335:70b] Resetting plugins due to page load.
2014-08-11 14:13:05.068 FarmPerfect[61335:70b] Failed to load webpage with error: Could not connect to the server.
objc[62094]: Class AXEmojiUtilities is implemented in both /Applications/Xcode.app/Contents/Developer/Platforms/iPhoneSimulator.platform/Developer/SDKs/iPhoneSimulator7.1.sdk/System/Library/PrivateFrameworks/AccessibilityUtilities.framework/AccessibilityUtilities and /Applications/Xcode.app/Contents/Developer/Platforms/iPhoneSimulator.platform/Developer/SDKs/iPhoneSimulator7.1.sdk/usr/lib/libAXSpeechManager.dylib. One of the two will be used. Which one is undefined.
2014-08-11 14:16:39.421 FarmPerfect[62094:70b] Cannot find executable for CFBundle 0xa28fab0 </Applications/Xcode.app/Contents/Developer/Platforms/iPhoneSimulator.platform/Developer/SDKs/iPhoneSimulator7.1.sdk/System/Library/AccessibilityBundles/CertUIFramework.axbundle> (not loaded)
2014-08-11 14:16:39.433 FarmPerfect[62094:70b] Cannot find executable for CFBundle 0xa49d180 </Applications/Xcode.app/Contents/Developer/Platforms/iPhoneSimulator.platform/Developer/SDKs/iPhoneSimulator7.1.sdk/System/Library/AccessibilityBundles/GeoServices.axbundle> (not loaded)
2014-08-11 14:16:39.605 FarmPerfect[62094:70b] Multi-tasking -> Device: YES, App: YES
2014-08-11 14:16:39.620 FarmPerfect[62094:70b] Unlimited access to network resources
2014-08-11 14:16:39.626 FarmPerfect[62094:70b] 

Started backup to iCloud! Please be careful.
Your application might rejected by Apple if you store too much data.
For more information please read "iOS Data Storage Guidelines"
You could find it at the following address https://developer.apple.com/icloud/documentation/data-storage/ .

2014-08-11 14:16:39.897 FarmPerfect[62094:70b] Resetting plugins due to page load.
2014-08-11 14:16:40.244 FarmPerfect[62094:70b] Finished load of: file:///Users/chadtimmins/Library/Application%20Support/iPhone%20Simulator/7.1/Applications/B2EF23AD-2A55-44F7-BEA5-F297E88D421A/FarmPerfect.app/www/index.html
objc[62471]: Class AXEmojiUtilities is implemented in both /Applications/Xcode.app/Contents/Developer/Platforms/iPhoneSimulator.platform/Developer/SDKs/iPhoneSimulator7.1.sdk/System/Library/PrivateFrameworks/AccessibilityUtilities.framework/AccessibilityUtilities and /Applications/Xcode.app/Contents/Developer/Platforms/iPhoneSimulator.platform/Developer/SDKs/iPhoneSimulator7.1.sdk/usr/lib/libAXSpeechManager.dylib. One of the two will be used. Which one is undefined.
2014-08-11 14:17:27.028 FarmPerfect[62471:70b] Cannot find executable for CFBundle 0xa296700 </Applications/Xcode.app/Contents/Developer/Platforms/iPhoneSimulator.platform/Developer/SDKs/iPhoneSimulator7.1.sdk/System/Library/AccessibilityBundles/CertUIFramework.axbundle> (not loaded)
2014-08-11 14:17:27.042 FarmPerfect[62471:70b] Cannot find executable for CFBundle 0xa595570 </Applications/Xcode.app/Contents/Developer/Platforms/iPhoneSimulator.platform/Developer/SDKs/iPhoneSimulator7.1.sdk/System/Library/AccessibilityBundles/GeoServices.axbundle> (not loaded)
2014-08-11 14:17:27.188 FarmPerfect[62471:70b] Multi-tasking -> Device: YES, App: YES
2014-08-11 14:17:27.251 FarmPerfect[62471:70b] Unlimited access to network resources
2014-08-11 14:17:27.255 FarmPerfect[62471:70b] 

Started backup to iCloud! Please be careful.
Your application might rejected by Apple if you store too much data.
For more information please read "iOS Data Storage Guidelines"
You could find it at the following address https://developer.apple.com/icloud/documentation/data-storage/ .

2014-08-11 14:17:27.605 FarmPerfect[62471:70b] Resetting plugins due to page load.
2014-08-11 14:17:27.917 FarmPerfect[62471:70b] Finished load of: file:///Users/chadtimmins/Library/Application%20Support/iPhone%20Simulator/7.1/Applications/B2EF23AD-2A55-44F7-BEA5-F297E88D421A/FarmPerfect.app/www/index.html
2014-08-11 14:17:30.094 FarmPerfect[62471:70b] deviceready
2014-08-11 14:17:30.095 FarmPerfect[62471:70b] jqm has been loaded
2014-08-11 14:17:30.096 FarmPerfect[62471:70b] rendering home view
2014-08-11 14:17:30.097 FarmPerfect[62471:70b] current page: home
2014-08-11 14:17:30.109 FarmPerfect[62471:70b] Resetting plugins due to page load.
2014-08-11 14:17:30.274 FarmPerfect[62471:70b] Failed to load webpage with error: Could not connect to the server.
objc[62854]: Class AXEmojiUtilities is implemented in both /Applications/Xcode.app/Contents/Developer/Platforms/iPhoneSimulator.platform/Developer/SDKs/iPhoneSimulator7.1.sdk/System/Library/PrivateFrameworks/AccessibilityUtilities.framework/AccessibilityUtilities and /Applications/Xcode.app/Contents/Developer/Platforms/iPhoneSimulator.platform/Developer/SDKs/iPhoneSimulator7.1.sdk/usr/lib/libAXSpeechManager.dylib. One of the two will be used. Which one is undefined.
2014-08-11 14:18:33.155 FarmPerfect[62854:70b] Cannot find executable for CFBundle 0xa574410 </Applications/Xcode.app/Contents/Developer/Platforms/iPhoneSimulator.platform/Developer/SDKs/iPhoneSimulator7.1.sdk/System/Library/AccessibilityBundles/CertUIFramework.axbundle> (not loaded)
2014-08-11 14:18:33.166 FarmPerfect[62854:70b] Cannot find executable for CFBundle 0xa5780a0 </Applications/Xcode.app/Contents/Developer/Platforms/iPhoneSimulator.platform/Developer/SDKs/iPhoneSimulator7.1.sdk/System/Library/AccessibilityBundles/GeoServices.axbundle> (not loaded)
2014-08-11 14:18:33.222 FarmPerfect[62854:70b] Multi-tasking -> Device: YES, App: YES
2014-08-11 14:18:33.263 FarmPerfect[62854:70b] Unlimited access to network resources
2014-08-11 14:18:33.268 FarmPerfect[62854:70b] 

Started backup to iCloud! Please be careful.
Your application might rejected by Apple if you store too much data.
For more information please read "iOS Data Storage Guidelines"
You could find it at the following address https://developer.apple.com/icloud/documentation/data-storage/ .

2014-08-11 14:18:33.482 FarmPerfect[62854:70b] Resetting plugins due to page load.
2014-08-11 14:18:33.768 FarmPerfect[62854:70b] Finished load of: file:///Users/chadtimmins/Library/Application%20Support/iPhone%20Simulator/7.1/Applications/B2EF23AD-2A55-44F7-BEA5-F297E88D421A/FarmPerfect.app/www/index.html
objc[63213]: Class AXEmojiUtilities is implemented in both /Applications/Xcode.app/Contents/Developer/Platforms/iPhoneSimulator.platform/Developer/SDKs/iPhoneSimulator7.1.sdk/System/Library/PrivateFrameworks/AccessibilityUtilities.framework/AccessibilityUtilities and /Applications/Xcode.app/Contents/Developer/Platforms/iPhoneSimulator.platform/Developer/SDKs/iPhoneSimulator7.1.sdk/usr/lib/libAXSpeechManager.dylib. One of the two will be used. Which one is undefined.
2014-08-11 14:19:56.021 FarmPerfect[63213:70b] Cannot find executable for CFBundle 0xa570d80 </Applications/Xcode.app/Contents/Developer/Platforms/iPhoneSimulator.platform/Developer/SDKs/iPhoneSimulator7.1.sdk/System/Library/AccessibilityBundles/GeoServices.axbundle> (not loaded)
2014-08-11 14:19:56.028 FarmPerfect[63213:70b] Cannot find executable for CFBundle 0xa4884e0 </Applications/Xcode.app/Contents/Developer/Platforms/iPhoneSimulator.platform/Developer/SDKs/iPhoneSimulator7.1.sdk/System/Library/AccessibilityBundles/CertUIFramework.axbundle> (not loaded)
2014-08-11 14:19:56.055 FarmPerfect[63213:70b] Multi-tasking -> Device: YES, App: YES
2014-08-11 14:19:56.062 FarmPerfect[63213:70b] Unlimited access to network resources
2014-08-11 14:19:56.065 FarmPerfect[63213:70b] 

Started backup to iCloud! Please be careful.
Your application might rejected by Apple if you store too much data.
For more information please read "iOS Data Storage Guidelines"
You could find it at the following address https://developer.apple.com/icloud/documentation/data-storage/ .

2014-08-11 14:19:56.132 FarmPerfect[63213:70b] Resetting plugins due to page load.
2014-08-11 14:19:56.201 FarmPerfect[63213:70b] Finished load of: file:///Users/chadtimmins/Library/Application%20Support/iPhone%20Simulator/7.1/Applications/B2EF23AD-2A55-44F7-BEA5-F297E88D421A/FarmPerfect.app/www/index.html
objc[63574]: Class AXEmojiUtilities is implemented in both /Applications/Xcode.app/Contents/Developer/Platforms/iPhoneSimulator.platform/Developer/SDKs/iPhoneSimulator7.1.sdk/System/Library/PrivateFrameworks/AccessibilityUtilities.framework/AccessibilityUtilities and /Applications/Xcode.app/Contents/Developer/Platforms/iPhoneSimulator.platform/Developer/SDKs/iPhoneSimulator7.1.sdk/usr/lib/libAXSpeechManager.dylib. One of the two will be used. Which one is undefined.
2014-08-11 14:20:28.330 FarmPerfect[63574:70b] Cannot find executable for CFBundle 0xa37dd10 </Applications/Xcode.app/Contents/Developer/Platforms/iPhoneSimulator.platform/Developer/SDKs/iPhoneSimulator7.1.sdk/System/Library/AccessibilityBundles/GeoServices.axbundle> (not loaded)
2014-08-11 14:20:28.337 FarmPerfect[63574:70b] Cannot find executable for CFBundle 0xa27eff0 </Applications/Xcode.app/Contents/Developer/Platforms/iPhoneSimulator.platform/Developer/SDKs/iPhoneSimulator7.1.sdk/System/Library/AccessibilityBundles/CertUIFramework.axbundle> (not loaded)
2014-08-11 14:20:28.377 FarmPerfect[63574:70b] Multi-tasking -> Device: YES, App: YES
2014-08-11 14:20:28.385 FarmPerfect[63574:70b] Unlimited access to network resources
2014-08-11 14:20:28.389 FarmPerfect[63574:70b] 

Started backup to iCloud! Please be careful.
Your application might rejected by Apple if you store too much data.
For more information please read "iOS Data Storage Guidelines"
You could find it at the following address https://developer.apple.com/icloud/documentation/data-storage/ .

2014-08-11 14:20:28.591 FarmPerfect[63574:70b] Resetting plugins due to page load.
2014-08-11 14:20:28.717 FarmPerfect[63574:70b] Finished load of: file:///Users/chadtimmins/Library/Application%20Support/iPhone%20Simulator/7.1/Applications/B2EF23AD-2A55-44F7-BEA5-F297E88D421A/FarmPerfect.app/www/index.html
2014-08-11 14:20:31.135 FarmPerfect[63574:70b] deviceready
2014-08-11 14:20:31.138 FarmPerfect[63574:70b] Resetting plugins due to page load.
2014-08-11 14:20:31.249 FarmPerfect[63574:70b] deviceready
2014-08-11 14:20:31.258 FarmPerfect[63574:70b] Finished load of: http://10.0.0.129:8000/ios/www/index.html
2014-08-11 14:20:31.398 FarmPerfect[63574:70b] jqm has been loaded
2014-08-11 14:20:31.398 FarmPerfect[63574:70b] rendering home view
2014-08-11 14:20:31.398 FarmPerfect[63574:70b] current page: home
2014-08-11 14:20:44.666 FarmPerfect[63574:70b] current page: map
2014-08-11 14:20:44.666 FarmPerfect[63574:70b] rendering map view
2014-08-11 14:20:47.074 FarmPerfect[63574:70b] current page: newzone
2014-08-11 14:21:33.439 FarmPerfect[63574:70b] CDVWebViewDelegate: Navigation started when state=1
2014-08-11 14:21:33.439 FarmPerfect[63574:70b] Failed to load webpage with error: CDVWebViewDelegate: Navigation started when state=1
2014-08-11 14:21:33.450 FarmPerfect[63574:70b] current page: map
2014-08-11 14:21:33.450 FarmPerfect[63574:70b] rendering map view
2014-08-11 14:21:34.634 FarmPerfect[63574:70b] CDVWebViewDelegate: Navigation started when state=1
2014-08-11 14:21:34.635 FarmPerfect[63574:70b] Failed to load webpage with error: CDVWebViewDelegate: Navigation started when state=1
2014-08-11 14:21:34.655 FarmPerfect[63574:70b] current page: home
2014-08-11 14:26:44.615 FarmPerfect[63574:70b] current page: map
2014-08-11 14:26:44.615 FarmPerfect[63574:70b] rendering map view
2014-08-11 14:26:57.104 FarmPerfect[63574:70b] CDVWebViewDelegate: Navigation started when state=1
2014-08-11 14:26:57.104 FarmPerfect[63574:70b] Failed to load webpage with error: CDVWebViewDelegate: Navigation started when state=1
2014-08-11 14:26:57.109 FarmPerfect[63574:70b] current page: home
2014-08-11 14:27:00.125 FarmPerfect[63574:70b] current page: newzone
2014-08-11 14:32:56.281 FarmPerfect[63574:70b] CDVWebViewDelegate: Navigation started when state=1
2014-08-11 14:32:56.287 FarmPerfect[63574:70b] Failed to load webpage with error: CDVWebViewDelegate: Navigation started when state=1
2014-08-11 14:32:56.288 FarmPerfect[63574:70b] Resetting plugins due to page load.
2014-08-11 14:32:56.412 FarmPerfect[63574:70b] Finished load of: http://10.0.0.129:8000/ios/www/templates/newzone.html
objc[64340]: Class AXEmojiUtilities is implemented in both /Applications/Xcode.app/Contents/Developer/Platforms/iPhoneSimulator.platform/Developer/SDKs/iPhoneSimulator7.1.sdk/System/Library/PrivateFrameworks/AccessibilityUtilities.framework/AccessibilityUtilities and /Applications/Xcode.app/Contents/Developer/Platforms/iPhoneSimulator.platform/Developer/SDKs/iPhoneSimulator7.1.sdk/usr/lib/libAXSpeechManager.dylib. One of the two will be used. Which one is undefined.
2014-08-11 14:33:37.592 FarmPerfect[64340:70b] Cannot find executable for CFBundle 0xa4af660 </Applications/Xcode.app/Contents/Developer/Platforms/iPhoneSimulator.platform/Developer/SDKs/iPhoneSimulator7.1.sdk/System/Library/AccessibilityBundles/GeoServices.axbundle> (not loaded)
2014-08-11 14:33:37.602 FarmPerfect[64340:70b] Cannot find executable for CFBundle 0xa2b02a0 </Applications/Xcode.app/Contents/Developer/Platforms/iPhoneSimulator.platform/Developer/SDKs/iPhoneSimulator7.1.sdk/System/Library/AccessibilityBundles/CertUIFramework.axbundle> (not loaded)
2014-08-11 14:33:37.670 FarmPerfect[64340:70b] Multi-tasking -> Device: YES, App: YES
2014-08-11 14:33:37.682 FarmPerfect[64340:70b] Unlimited access to network resources
2014-08-11 14:33:37.688 FarmPerfect[64340:70b] 

Started backup to iCloud! Please be careful.
Your application might rejected by Apple if you store too much data.
For more information please read "iOS Data Storage Guidelines"
You could find it at the following address https://developer.apple.com/icloud/documentation/data-storage/ .

2014-08-11 14:33:37.943 FarmPerfect[64340:70b] Resetting plugins due to page load.
2014-08-11 14:33:38.207 FarmPerfect[64340:70b] Finished load of: file:///Users/chadtimmins/Library/Application%20Support/iPhone%20Simulator/7.1/Applications/B2EF23AD-2A55-44F7-BEA5-F297E88D421A/FarmPerfect.app/www/index.html
2014-08-11 14:33:41.543 FarmPerfect[64340:70b] deviceready
2014-08-11 14:33:41.544 FarmPerfect[64340:70b] jqm has been loaded
2014-08-11 14:33:41.544 FarmPerfect[64340:70b] rendering home view
2014-08-11 14:33:41.545 FarmPerfect[64340:70b] current page: home
2014-08-11 14:33:41.550 FarmPerfect[64340:70b] Resetting plugins due to page load.
2014-08-11 14:33:41.597 FarmPerfect[64340:70b] Failed to load webpage with error: Could not connect to the server.
objc[64745]: Class AXEmojiUtilities is implemented in both /Applications/Xcode.app/Contents/Developer/Platforms/iPhoneSimulator.platform/Developer/SDKs/iPhoneSimulator7.1.sdk/System/Library/PrivateFrameworks/AccessibilityUtilities.framework/AccessibilityUtilities and /Applications/Xcode.app/Contents/Developer/Platforms/iPhoneSimulator.platform/Developer/SDKs/iPhoneSimulator7.1.sdk/usr/lib/libAXSpeechManager.dylib. One of the two will be used. Which one is undefined.
2014-08-11 14:34:51.718 FarmPerfect[64745:70b] Cannot find executable for CFBundle 0xa28bfe0 </Applications/Xcode.app/Contents/Developer/Platforms/iPhoneSimulator.platform/Developer/SDKs/iPhoneSimulator7.1.sdk/System/Library/AccessibilityBundles/GeoServices.axbundle> (not loaded)
2014-08-11 14:34:51.756 FarmPerfect[64745:70b] Cannot find executable for CFBundle 0xa3a8380 </Applications/Xcode.app/Contents/Developer/Platforms/iPhoneSimulator.platform/Developer/SDKs/iPhoneSimulator7.1.sdk/System/Library/AccessibilityBundles/CertUIFramework.axbundle> (not loaded)
2014-08-11 14:34:51.847 FarmPerfect[64745:70b] Multi-tasking -> Device: YES, App: YES
2014-08-11 14:34:51.859 FarmPerfect[64745:70b] Unlimited access to network resources
2014-08-11 14:34:51.864 FarmPerfect[64745:70b] 

Started backup to iCloud! Please be careful.
Your application might rejected by Apple if you store too much data.
For more information please read "iOS Data Storage Guidelines"
You could find it at the following address https://developer.apple.com/icloud/documentation/data-storage/ .

2014-08-11 14:34:52.095 FarmPerfect[64745:70b] Resetting plugins due to page load.
2014-08-11 14:34:52.463 FarmPerfect[64745:70b] Finished load of: file:///Users/chadtimmins/Library/Application%20Support/iPhone%20Simulator/7.1/Applications/B2EF23AD-2A55-44F7-BEA5-F297E88D421A/FarmPerfect.app/www/index.html
2014-08-11 14:35:03.518 FarmPerfect[64745:3f07] void SendDelegateMessage(NSInvocation *): delegate (webView:runJavaScriptConfirmPanelWithMessage:initiatedByFrame:) failed to return after waiting 10 seconds. main run loop mode: kCFRunLoopDefaultMode
2014-08-11 14:35:03.725 FarmPerfect[64745:70b] deviceready
2014-08-11 14:35:03.726 FarmPerfect[64745:70b] jqm has been loaded
2014-08-11 14:35:03.726 FarmPerfect[64745:70b] rendering home view
2014-08-11 14:35:03.727 FarmPerfect[64745:70b] current page: home
2014-08-11 14:35:03.729 FarmPerfect[64745:70b] Resetting plugins due to page load.
2014-08-11 14:35:03.900 FarmPerfect[64745:70b] Finished load of: http://10.0.0.129:8000/ios/www/index.html
2014-08-11 14:35:03.914 FarmPerfect[64745:70b] deviceready
2014-08-11 14:35:04.146 FarmPerfect[64745:70b] jqm has been loaded
2014-08-11 14:35:04.147 FarmPerfect[64745:70b] rendering home view
2014-08-11 14:35:04.147 FarmPerfect[64745:70b] current page: home
2014-08-11 14:35:28.638 FarmPerfect[64745:70b] Resetting plugins due to page load.
2014-08-11 14:35:28.747 FarmPerfect[64745:70b] Finished load of: http://10.0.0.129:8000/ios/www/index.html
2014-08-11 14:35:28.769 FarmPerfect[64745:70b] deviceready
2014-08-11 14:35:28.869 FarmPerfect[64745:70b] jqm has been loaded
2014-08-11 14:35:28.869 FarmPerfect[64745:70b] rendering home view
2014-08-11 14:35:28.869 FarmPerfect[64745:70b] current page: home
2014-08-11 14:35:53.882 FarmPerfect[64745:70b] Resetting plugins due to page load.
2014-08-11 14:35:53.974 FarmPerfect[64745:70b] Finished load of: http://10.0.0.129:8000/ios/www/index.html
2014-08-11 14:35:53.979 FarmPerfect[64745:70b] deviceready
2014-08-11 14:35:54.099 FarmPerfect[64745:70b] jqm has been loaded
2014-08-11 14:35:54.099 FarmPerfect[64745:70b] rendering home view
2014-08-11 14:35:54.100 FarmPerfect[64745:70b] current page: home
2014-08-11 14:36:07.535 FarmPerfect[64745:70b] onload!
2014-08-11 14:36:07.675 FarmPerfect[64745:70b] polling!
2014-08-11 14:37:41.192 FarmPerfect[64745:70b] current page: newzone
2014-08-11 14:37:45.723 FarmPerfect[64745:70b] Resetting plugins due to page load.
2014-08-11 14:37:45.736 FarmPerfect[64745:70b] Finished load of: http://10.0.0.129:8000/ios/www/templates/newzone.html
objc[97735]: Class AXEmojiUtilities is implemented in both /Applications/Xcode.app/Contents/Developer/Platforms/iPhoneSimulator.platform/Developer/SDKs/iPhoneSimulator7.1.sdk/System/Library/PrivateFrameworks/AccessibilityUtilities.framework/AccessibilityUtilities and /Applications/Xcode.app/Contents/Developer/Platforms/iPhoneSimulator.platform/Developer/SDKs/iPhoneSimulator7.1.sdk/usr/lib/libAXSpeechManager.dylib. One of the two will be used. Which one is undefined.
2014-08-13 10:57:13.218 FarmPerfect[97735:70b] Cannot find executable for CFBundle 0xa28bf50 </Applications/Xcode.app/Contents/Developer/Platforms/iPhoneSimulator.platform/Developer/SDKs/iPhoneSimulator7.1.sdk/System/Library/AccessibilityBundles/GeoServices.axbundle> (not loaded)
2014-08-13 10:57:13.236 FarmPerfect[97735:70b] Cannot find executable for CFBundle 0xa464bf0 </Applications/Xcode.app/Contents/Developer/Platforms/iPhoneSimulator.platform/Developer/SDKs/iPhoneSimulator7.1.sdk/System/Library/AccessibilityBundles/CertUIFramework.axbundle> (not loaded)
2014-08-13 10:57:13.294 FarmPerfect[97735:70b] Multi-tasking -> Device: YES, App: YES
2014-08-13 10:57:13.325 FarmPerfect[97735:70b] Unlimited access to network resources
2014-08-13 10:57:13.329 FarmPerfect[97735:70b] 

Started backup to iCloud! Please be careful.
Your application might rejected by Apple if you store too much data.
For more information please read "iOS Data Storage Guidelines"
You could find it at the following address https://developer.apple.com/icloud/documentation/data-storage/ .

2014-08-13 10:57:13.975 FarmPerfect[97735:70b] Resetting plugins due to page load.
2014-08-13 10:57:14.434 FarmPerfect[97735:70b] Finished load of: file:///Users/chadtimmins/Library/Application%20Support/iPhone%20Simulator/7.1/Applications/B2EF23AD-2A55-44F7-BEA5-F297E88D421A/FarmPerfect.app/www/index.html
2014-08-13 10:58:13.007 FarmPerfect[97735:70b] CDVWebViewDelegate: Navigation started when state=1
2014-08-13 10:58:13.008 FarmPerfect[97735:70b] Failed to load webpage with error: CDVWebViewDelegate: Navigation started when state=1
objc[98456]: Class AXEmojiUtilities is implemented in both /Applications/Xcode.app/Contents/Developer/Platforms/iPhoneSimulator.platform/Developer/SDKs/iPhoneSimulator7.1.sdk/System/Library/PrivateFrameworks/AccessibilityUtilities.framework/AccessibilityUtilities and /Applications/Xcode.app/Contents/Developer/Platforms/iPhoneSimulator.platform/Developer/SDKs/iPhoneSimulator7.1.sdk/usr/lib/libAXSpeechManager.dylib. One of the two will be used. Which one is undefined.
2014-08-13 10:58:41.881 FarmPerfect[98456:70b] Cannot find executable for CFBundle 0xa346740 </Applications/Xcode.app/Contents/Developer/Platforms/iPhoneSimulator.platform/Developer/SDKs/iPhoneSimulator7.1.sdk/System/Library/AccessibilityBundles/GeoServices.axbundle> (not loaded)
2014-08-13 10:58:41.898 FarmPerfect[98456:70b] Cannot find executable for CFBundle 0xa575930 </Applications/Xcode.app/Contents/Developer/Platforms/iPhoneSimulator.platform/Developer/SDKs/iPhoneSimulator7.1.sdk/System/Library/AccessibilityBundles/CertUIFramework.axbundle> (not loaded)
2014-08-13 10:58:41.932 FarmPerfect[98456:70b] Multi-tasking -> Device: YES, App: YES
2014-08-13 10:58:41.944 FarmPerfect[98456:70b] Unlimited access to network resources
2014-08-13 10:58:41.947 FarmPerfect[98456:70b] 

Started backup to iCloud! Please be careful.
Your application might rejected by Apple if you store too much data.
For more information please read "iOS Data Storage Guidelines"
You could find it at the following address https://developer.apple.com/icloud/documentation/data-storage/ .

2014-08-13 10:58:42.094 FarmPerfect[98456:70b] Resetting plugins due to page load.
2014-08-13 10:58:42.568 FarmPerfect[98456:70b] Finished load of: file:///Users/chadtimmins/Library/Application%20Support/iPhone%20Simulator/7.1/Applications/B2EF23AD-2A55-44F7-BEA5-F297E88D421A/FarmPerfect.app/www/index.html
2014-08-13 10:58:45.053 FarmPerfect[98456:70b] Resetting plugins due to page load.
2014-08-13 10:58:45.335 FarmPerfect[98456:70b] jqm has been loaded
2014-08-13 10:58:45.335 FarmPerfect[98456:70b] rendering home view
2014-08-13 10:58:45.335 FarmPerfect[98456:70b] current page: home
2014-08-13 10:58:45.336 FarmPerfect[98456:70b] 
        <div data-role="page" id="home" data-url="home" tabindex="0" class="ui-page ui-page-theme-a ui-page-header-fixed" style="padding-top: 2px;">
            <div data-role="header" data-position="fixed" role="banner" class="ui-header ui-bar-inherit ui-header-fixed slidedown">
                <a href="#navpanel" class="ui-btn-custom-menu ui-nodisc-icon ui-btn-left ui-btn ui-icon-bars ui-btn-icon-left" data-role="button" role="button">
                </a>
            </div>

            <div id="main_content" data-role="main" class="ui-content" data-theme="a">
                <div class="ui-field-contain">
                    <div class="ui-input-text ui-body-inherit ui-corner-all ui-shadow-inset ui-input-has-clear"><input type="text" name="email" id="name" value="" placeholder="Email" data-clear-btn="true"><a href="#" class="ui-input-clear ui-btn ui-icon-delete ui-btn-icon-notext ui-corner-all" title="Clear text">Clear text</a></div>
                    <div class="ui-input-text ui-body-inherit ui-corner-all ui-shadow-inset ui-input-has-clear"><input type="password" name="pass" id="pass" value="" placeholder="Password" data-clear-btn="true"><a href="#" class="ui-input-clear ui-btn ui-icon-delete ui-btn-icon-notext ui-corner-all" title="Clear text">Clear text</a></div>
                    <div class="ui-btn ui-input-btn ui-corner-all ui-shadow">Login<input type="submit" id="submit" value="Login"></div>
                </div>
            </div>
        </div>

        <script type="text/javascript" src="js/lib/jquery/jquery-1.10.1.js"></script>
        <script type="text/javascript" src="cordova.js"></script>
        <script type="text/javascript" src="js/app.js"></script>

    

<iframe src="gap://ready" style="display: none;"></iframe><div class="ui-loader ui-corner-all ui-body-a ui-loader-default"><span class="ui-icon-loading"></span><h1>loading</h1></div>
2014-08-13 10:58:45.341 FarmPerfect[98456:70b] Finished load of: http://10.0.0.129:8000/ios/www/index.html
2014-08-13 10:58:52.099 FarmPerfect[98456:70b] current page: newzone
2014-08-13 10:58:52.099 FarmPerfect[98456:70b] <div data-role="panel" id="navpanel" data-display="overlay" data-position="left" data-theme="b" class="ui-panel ui-panel-position-left ui-panel-display-overlay ui-body-b ui-panel-animate">
    <div class="ui-panel-inner"><div data-role="controlgroup" data-corners="false">
        <a href="templates/maps.html" class="ui-btn">My Zones</a>
        <a href="templates/newzone.html" class="ui-btn ui-btn-active">Add a Zone</a>
        <a href="chadtimmins.com" class="ui-btn">My Account</a>
        <a href="chadtimmins.com" class="ui-btn"></a>
    </div></div>
</div>
        <div data-role="page" id="home" data-url="home" tabindex="0" class="ui-page ui-page-theme-a ui-page-header-fixed ui-page-active" style="padding-top: 2px; min-height: 460px;">
            <div data-role="header" data-position="fixed" role="banner" class="ui-header ui-bar-inherit ui-header-fixed slidedown">
                <a href="#navpanel" class="ui-btn-custom-menu ui-nodisc-icon ui-btn-left ui-btn ui-icon-bars ui-btn-icon-left" data-role="button" role="button">
                </a>
            </div>

            <div id="main_content" data-role="main" class="ui-content" data-theme="a">
                <div class="ui-field-contain">
                    <div class="ui-input-text ui-body-inherit ui-corner-all ui-shadow-inset ui-input-has-clear"><input type="text" name="email" id="name" value="" placeholder="Email" data-clear-btn="true"><a href="#" class="ui-input-clear ui-btn ui-icon-delete ui-btn-icon-notext ui-corner-all ui-input-clear-hidden" title="Clear text">Clear text</a></div>
                    <div class="ui-input-text ui-body-inherit ui-corner-all ui-shadow-inset ui-input-has-clear"><input type="password" name="pass" id="pass" value="" placeholder="Password" data-clear-btn="true"><a href="#" class="ui-input-clear ui-btn ui-icon-delete ui-btn-icon-notext ui-corner-all ui-input-clear-hidden" title="Clear text">Clear text</a></div>
                    <div class="ui-btn ui-input-btn ui-corner-all ui-shadow">Login<input type="submit" id="submit" value="Login"></div>
                </div>
            </div>
        </div>

        <script type="text/javascript" src="js/lib/jquery/jquery-1.10.1.js"></script>
        <script type="text/javascript" src="cordova.js"></script>
        <script type="text/javascript" src="js/app.js"></script>

    

<iframe src="gap://ready" style="display: none;"></iframe><div class="ui-loader ui-corner-all ui-body-a ui-loader-default"><span class="ui-icon-loading"></span><h1>loading</h1></div><div class="ui-panel-dismiss" style=""></div><div data-role="page" id="newzone" data-url="/ios/www/templates/newzone.html" data-external-page="true" tabindex="0" class="ui-page ui-page-theme-a ui-page-header-fixed" style="padding-top: 2px;">
	
	<div data-role="header" data-position="fixed" data-theme="b" role="banner" class="ui-header ui-bar-b ui-header-fixed slidedown">
		<h1 class="ui-title" role="heading" aria-level="1">Add  Zone</h1>
		<a href="#navpanel" class="ui-btn-custom-menu ui-nodisc-icon ui-btn-left ui-btn ui-icon-bars ui-btn-icon-left" data-role="button" role="button"></a>
	</div>

	<div data-role="content" class="ui-content" role="main">
		<div class="ui-field-contain">
			<label for="zone_name">What Will The Zone Be Called?</label>
			<div class="ui-input-text ui-body-inherit ui-corner-all ui-shadow-inset ui-input-has-clear"><input type="text" name="zone_name" id="zone_name" value="" placeholder="Enter Zone Name" data-clear-btn="true"><a href="#" class="ui-input-clear ui-btn ui-icon-delete ui-btn-icon-notext ui-corner-all" title="Clear text">Clear text</a></div>
			<label for="crop_name">What Crop Will You Be Growing?</label>
			<div class="ui-input-text ui-body-inherit ui-corner-all ui-shadow-inset ui-input-has-clear"><input type="text" name="crop_name" id="crop_name" value="" placeholder="Enter a Crop" data-clear-btn="true"><a href="#" class="ui-input-clear ui-btn ui-icon-delete ui-btn-icon-notext ui-corner-all" title="Clear text">Clear text</a></div>
			<div class="ui-btn ui-input-btn ui-corner-all ui-shadow">Next<input type="submit" value="Next"></div>
		</div>
	</div>

</div>
2014-08-13 10:59:08.827 FarmPerfect[98456:70b] Resetting plugins due to page load.
2014-08-13 10:59:08.856 FarmPerfect[98456:70b] Finished load of: http://10.0.0.129:8000/ios/www/templates/newzone.html
objc[98898]: Class AXEmojiUtilities is implemented in both /Applications/Xcode.app/Contents/Developer/Platforms/iPhoneSimulator.platform/Developer/SDKs/iPhoneSimulator7.1.sdk/System/Library/PrivateFrameworks/AccessibilityUtilities.framework/AccessibilityUtilities and /Applications/Xcode.app/Contents/Developer/Platforms/iPhoneSimulator.platform/Developer/SDKs/iPhoneSimulator7.1.sdk/usr/lib/libAXSpeechManager.dylib. One of the two will be used. Which one is undefined.
2014-08-13 11:00:56.066 FarmPerfect[98898:70b] Cannot find executable for CFBundle 0xa43fe30 </Applications/Xcode.app/Contents/Developer/Platforms/iPhoneSimulator.platform/Developer/SDKs/iPhoneSimulator7.1.sdk/System/Library/AccessibilityBundles/CertUIFramework.axbundle> (not loaded)
2014-08-13 11:00:56.073 FarmPerfect[98898:70b] Cannot find executable for CFBundle 0xa55b880 </Applications/Xcode.app/Contents/Developer/Platforms/iPhoneSimulator.platform/Developer/SDKs/iPhoneSimulator7.1.sdk/System/Library/AccessibilityBundles/GeoServices.axbundle> (not loaded)
2014-08-13 11:00:56.107 FarmPerfect[98898:70b] Multi-tasking -> Device: YES, App: YES
2014-08-13 11:00:56.115 FarmPerfect[98898:70b] Unlimited access to network resources
2014-08-13 11:00:56.119 FarmPerfect[98898:70b] 

Started backup to iCloud! Please be careful.
Your application might rejected by Apple if you store too much data.
For more information please read "iOS Data Storage Guidelines"
You could find it at the following address https://developer.apple.com/icloud/documentation/data-storage/ .

2014-08-13 11:00:56.277 FarmPerfect[98898:70b] Resetting plugins due to page load.
2014-08-13 11:00:56.892 FarmPerfect[98898:70b] Finished load of: file:///Users/chadtimmins/Library/Application%20Support/iPhone%20Simulator/7.1/Applications/B2EF23AD-2A55-44F7-BEA5-F297E88D421A/FarmPerfect.app/www/index.html
2014-08-13 11:00:58.488 FarmPerfect[98898:70b] Resetting plugins due to page load.
2014-08-13 11:00:58.499 FarmPerfect[98898:70b] Failed to load webpage with error: Could not connect to the server.
